{"C:\\Users\\Lenovo\\Desktop\\WarehouseAPI\\warehouse-api\\app.js": {"path":"C:\\Users\\Lenovo\\Desktop\\WarehouseAPI\\warehouse-api\\app.js","statementMap":{"0":{"start":{"line":1,"column":16},"end":{"line":1,"column":34}},"1":{"start":{"line":3,"column":23},"end":{"line":3,"column":56}},"2":{"start":{"line":5,"column":12},"end":{"line":5,"column":21}},"3":{"start":{"line":8,"column":0},"end":{"line":8,"column":24}},"4":{"start":{"line":11,"column":0},"end":{"line":11,"column":40}},"5":{"start":{"line":13,"column":0},"end":{"line":13,"column":21}}},"fnMap":{},"branchMap":{},"s":{"0":1,"1":1,"2":1,"3":1,"4":1,"5":1},"f":{},"b":{},"_coverageSchema":"1a1c01bbd47fc00a2c39e90264f33305004495a9","hash":"e40f3e74ba9015394c4cf89066217216a9053745"}
,"C:\\Users\\Lenovo\\Desktop\\WarehouseAPI\\warehouse-api\\controllers\\productController.js": {"path":"C:\\Users\\Lenovo\\Desktop\\WarehouseAPI\\warehouse-api\\controllers\\productController.js","statementMap":{"0":{"start":{"line":1,"column":21},"end":{"line":1,"column":54}},"1":{"start":{"line":7,"column":23},"end":{"line":18,"column":1}},"2":{"start":{"line":8,"column":4},"end":{"line":17,"column":5}},"3":{"start":{"line":9,"column":25},"end":{"line":9,"column":60}},"4":{"start":{"line":10,"column":8},"end":{"line":10,"column":27}},"5":{"start":{"line":12,"column":8},"end":{"line":12,"column":55}},"6":{"start":{"line":14,"column":8},"end":{"line":16,"column":11}},"7":{"start":{"line":24,"column":23},"end":{"line":40,"column":1}},"8":{"start":{"line":25,"column":4},"end":{"line":39,"column":5}},"9":{"start":{"line":26,"column":24},"end":{"line":26,"column":72}},"10":{"start":{"line":27,"column":8},"end":{"line":31,"column":9}},"11":{"start":{"line":28,"column":12},"end":{"line":30,"column":15}},"12":{"start":{"line":32,"column":8},"end":{"line":32,"column":26}},"13":{"start":{"line":34,"column":8},"end":{"line":34,"column":55}},"14":{"start":{"line":36,"column":8},"end":{"line":38,"column":11}},"15":{"start":{"line":46,"column":22},"end":{"line":75,"column":1}},"16":{"start":{"line":47,"column":4},"end":{"line":74,"column":5}},"17":{"start":{"line":48,"column":69},"end":{"line":48,"column":77}},"18":{"start":{"line":49,"column":8},"end":{"line":53,"column":9}},"19":{"start":{"line":50,"column":12},"end":{"line":52,"column":15}},"20":{"start":{"line":55,"column":8},"end":{"line":59,"column":9}},"21":{"start":{"line":56,"column":12},"end":{"line":58,"column":15}},"22":{"start":{"line":61,"column":27},"end":{"line":66,"column":10}},"23":{"start":{"line":68,"column":8},"end":{"line":68,"column":41}},"24":{"start":{"line":71,"column":8},"end":{"line":73,"column":11}},"25":{"start":{"line":80,"column":22},"end":{"line":111,"column":1}},"26":{"start":{"line":81,"column":4},"end":{"line":110,"column":5}},"27":{"start":{"line":82,"column":69},"end":{"line":82,"column":77}},"28":{"start":{"line":84,"column":8},"end":{"line":88,"column":9}},"29":{"start":{"line":85,"column":12},"end":{"line":87,"column":15}},"30":{"start":{"line":90,"column":31},"end":{"line":96,"column":14}},"31":{"start":{"line":98,"column":8},"end":{"line":102,"column":9}},"32":{"start":{"line":99,"column":12},"end":{"line":101,"column":15}},"33":{"start":{"line":104,"column":8},"end":{"line":104,"column":33}},"34":{"start":{"line":107,"column":8},"end":{"line":109,"column":11}},"35":{"start":{"line":117,"column":22},"end":{"line":128,"column":1}},"36":{"start":{"line":118,"column":4},"end":{"line":127,"column":5}},"37":{"start":{"line":119,"column":8},"end":{"line":119,"column":56}},"38":{"start":{"line":120,"column":8},"end":{"line":122,"column":11}},"39":{"start":{"line":124,"column":8},"end":{"line":126,"column":11}},"40":{"start":{"line":134,"column":22},"end":{"line":156,"column":1}},"41":{"start":{"line":135,"column":4},"end":{"line":155,"column":5}},"42":{"start":{"line":136,"column":28},"end":{"line":136,"column":36}},"43":{"start":{"line":138,"column":8},"end":{"line":142,"column":9}},"44":{"start":{"line":139,"column":12},"end":{"line":141,"column":15}},"45":{"start":{"line":143,"column":24},"end":{"line":143,"column":80}},"46":{"start":{"line":144,"column":8},"end":{"line":144,"column":26}},"47":{"start":{"line":147,"column":8},"end":{"line":151,"column":9}},"48":{"start":{"line":148,"column":12},"end":{"line":150,"column":15}},"49":{"start":{"line":152,"column":8},"end":{"line":154,"column":11}},"50":{"start":{"line":160,"column":22},"end":{"line":178,"column":1}},"51":{"start":{"line":161,"column":4},"end":{"line":177,"column":5}},"52":{"start":{"line":162,"column":27},"end":{"line":162,"column":35}},"53":{"start":{"line":163,"column":8},"end":{"line":163,"column":100}},"54":{"start":{"line":163,"column":39},"end":{"line":163,"column":100}},"55":{"start":{"line":165,"column":24},"end":{"line":165,"column":80}},"56":{"start":{"line":166,"column":8},"end":{"line":166,"column":26}},"57":{"start":{"line":169,"column":8},"end":{"line":173,"column":9}},"58":{"start":{"line":170,"column":12},"end":{"line":172,"column":15}},"59":{"start":{"line":174,"column":8},"end":{"line":176,"column":11}},"60":{"start":{"line":183,"column":28},"end":{"line":192,"column":1}},"61":{"start":{"line":184,"column":4},"end":{"line":191,"column":5}},"62":{"start":{"line":185,"column":25},"end":{"line":185,"column":65}},"63":{"start":{"line":186,"column":8},"end":{"line":186,"column":27}},"64":{"start":{"line":188,"column":8},"end":{"line":190,"column":11}},"65":{"start":{"line":197,"column":24},"end":{"line":206,"column":1}},"66":{"start":{"line":198,"column":4},"end":{"line":205,"column":5}},"67":{"start":{"line":199,"column":24},"end":{"line":199,"column":73}},"68":{"start":{"line":200,"column":8},"end":{"line":200,"column":26}},"69":{"start":{"line":202,"column":8},"end":{"line":204,"column":11}},"70":{"start":{"line":208,"column":0},"end":{"line":218,"column":2}}},"fnMap":{"0":{"name":"(anonymous_0)","decl":{"start":{"line":7,"column":23},"end":{"line":7,"column":24}},"loc":{"start":{"line":7,"column":40},"end":{"line":18,"column":1}},"line":7},"1":{"name":"(anonymous_1)","decl":{"start":{"line":24,"column":23},"end":{"line":24,"column":24}},"loc":{"start":{"line":24,"column":40},"end":{"line":40,"column":1}},"line":24},"2":{"name":"(anonymous_2)","decl":{"start":{"line":46,"column":22},"end":{"line":46,"column":23}},"loc":{"start":{"line":46,"column":38},"end":{"line":75,"column":1}},"line":46},"3":{"name":"(anonymous_3)","decl":{"start":{"line":80,"column":22},"end":{"line":80,"column":23}},"loc":{"start":{"line":80,"column":38},"end":{"line":111,"column":1}},"line":80},"4":{"name":"(anonymous_4)","decl":{"start":{"line":117,"column":22},"end":{"line":117,"column":23}},"loc":{"start":{"line":117,"column":39},"end":{"line":128,"column":1}},"line":117},"5":{"name":"(anonymous_5)","decl":{"start":{"line":134,"column":22},"end":{"line":134,"column":23}},"loc":{"start":{"line":134,"column":39},"end":{"line":156,"column":1}},"line":134},"6":{"name":"(anonymous_6)","decl":{"start":{"line":160,"column":22},"end":{"line":160,"column":23}},"loc":{"start":{"line":160,"column":39},"end":{"line":178,"column":1}},"line":160},"7":{"name":"(anonymous_7)","decl":{"start":{"line":183,"column":28},"end":{"line":183,"column":29}},"loc":{"start":{"line":183,"column":45},"end":{"line":192,"column":1}},"line":183},"8":{"name":"(anonymous_8)","decl":{"start":{"line":197,"column":24},"end":{"line":197,"column":25}},"loc":{"start":{"line":197,"column":41},"end":{"line":206,"column":1}},"line":197}},"branchMap":{"0":{"loc":{"start":{"line":27,"column":8},"end":{"line":31,"column":9}},"type":"if","locations":[{"start":{"line":27,"column":8},"end":{"line":31,"column":9}},{"start":{},"end":{}}],"line":27},"1":{"loc":{"start":{"line":49,"column":8},"end":{"line":53,"column":9}},"type":"if","locations":[{"start":{"line":49,"column":8},"end":{"line":53,"column":9}},{"start":{},"end":{}}],"line":49},"2":{"loc":{"start":{"line":49,"column":11},"end":{"line":49,"column":47}},"type":"binary-expr","locations":[{"start":{"line":49,"column":11},"end":{"line":49,"column":16}},{"start":{"line":49,"column":20},"end":{"line":49,"column":47}}],"line":49},"3":{"loc":{"start":{"line":55,"column":8},"end":{"line":59,"column":9}},"type":"if","locations":[{"start":{"line":55,"column":8},"end":{"line":59,"column":9}},{"start":{},"end":{}}],"line":55},"4":{"loc":{"start":{"line":84,"column":8},"end":{"line":88,"column":9}},"type":"if","locations":[{"start":{"line":84,"column":8},"end":{"line":88,"column":9}},{"start":{},"end":{}}],"line":84},"5":{"loc":{"start":{"line":98,"column":8},"end":{"line":102,"column":9}},"type":"if","locations":[{"start":{"line":98,"column":8},"end":{"line":102,"column":9}},{"start":{},"end":{}}],"line":98},"6":{"loc":{"start":{"line":138,"column":8},"end":{"line":142,"column":9}},"type":"if","locations":[{"start":{"line":138,"column":8},"end":{"line":142,"column":9}},{"start":{},"end":{}}],"line":138},"7":{"loc":{"start":{"line":138,"column":11},"end":{"line":138,"column":37}},"type":"binary-expr","locations":[{"start":{"line":138,"column":11},"end":{"line":138,"column":20}},{"start":{"line":138,"column":24},"end":{"line":138,"column":37}}],"line":138},"8":{"loc":{"start":{"line":147,"column":8},"end":{"line":151,"column":9}},"type":"if","locations":[{"start":{"line":147,"column":8},"end":{"line":151,"column":9}},{"start":{},"end":{}}],"line":147},"9":{"loc":{"start":{"line":153,"column":19},"end":{"line":153,"column":59}},"type":"binary-expr","locations":[{"start":{"line":153,"column":19},"end":{"line":153,"column":30}},{"start":{"line":153,"column":33},"end":{"line":153,"column":59}}],"line":153},"10":{"loc":{"start":{"line":163,"column":8},"end":{"line":163,"column":100}},"type":"if","locations":[{"start":{"line":163,"column":8},"end":{"line":163,"column":100}},{"start":{},"end":{}}],"line":163},"11":{"loc":{"start":{"line":163,"column":11},"end":{"line":163,"column":37}},"type":"binary-expr","locations":[{"start":{"line":163,"column":11},"end":{"line":163,"column":20}},{"start":{"line":163,"column":24},"end":{"line":163,"column":37}}],"line":163},"12":{"loc":{"start":{"line":169,"column":8},"end":{"line":173,"column":9}},"type":"if","locations":[{"start":{"line":169,"column":8},"end":{"line":173,"column":9}},{"start":{},"end":{}}],"line":169},"13":{"loc":{"start":{"line":175,"column":19},"end":{"line":175,"column":60}},"type":"binary-expr","locations":[{"start":{"line":175,"column":19},"end":{"line":175,"column":30}},{"start":{"line":175,"column":34},"end":{"line":175,"column":60}}],"line":175}},"s":{"0":1,"1":1,"2":0,"3":0,"4":0,"5":0,"6":0,"7":1,"8":1,"9":1,"10":1,"11":0,"12":1,"13":0,"14":0,"15":1,"16":1,"17":1,"18":1,"19":0,"20":1,"21":0,"22":1,"23":1,"24":0,"25":1,"26":0,"27":0,"28":0,"29":0,"30":0,"31":0,"32":0,"33":0,"34":0,"35":1,"36":0,"37":0,"38":0,"39":0,"40":1,"41":5,"42":5,"43":5,"44":3,"45":2,"46":1,"47":1,"48":0,"49":1,"50":1,"51":7,"52":7,"53":7,"54":2,"55":5,"56":2,"57":3,"58":2,"59":1,"60":1,"61":1,"62":1,"63":1,"64":0,"65":1,"66":1,"67":1,"68":1,"69":0,"70":1},"f":{"0":0,"1":1,"2":1,"3":0,"4":0,"5":5,"6":7,"7":1,"8":1},"b":{"0":[0,1],"1":[0,1],"2":[1,1],"3":[0,1],"4":[0,0],"5":[0,0],"6":[3,2],"7":[5,3],"8":[0,1],"9":[1,0],"10":[2,5],"11":[7,6],"12":[2,1],"13":[1,0]},"_coverageSchema":"1a1c01bbd47fc00a2c39e90264f33305004495a9","hash":"086b7c991ba140e58c55e9bf8dd6352cf513999e"}
,"C:\\Users\\Lenovo\\Desktop\\WarehouseAPI\\warehouse-api\\db\\db.js": {"path":"C:\\Users\\Lenovo\\Desktop\\WarehouseAPI\\warehouse-api\\db\\db.js","statementMap":{"0":{"start":{"line":1,"column":14},"end":{"line":1,"column":39}},"1":{"start":{"line":2,"column":11},"end":{"line":2,"column":24}},"2":{"start":{"line":3,"column":0},"end":{"line":3,"column":27}},"3":{"start":{"line":4,"column":13},"end":{"line":4,"column":28}},"4":{"start":{"line":8,"column":0},"end":{"line":18,"column":1}},"5":{"start":{"line":9,"column":2},"end":{"line":14,"column":5}},"6":{"start":{"line":15,"column":2},"end":{"line":15,"column":45}},"7":{"start":{"line":17,"column":2},"end":{"line":17,"column":38}},"8":{"start":{"line":20,"column":0},"end":{"line":20,"column":22}}},"fnMap":{},"branchMap":{},"s":{"0":1,"1":1,"2":1,"3":1,"4":1,"5":1,"6":1,"7":0,"8":1},"f":{},"b":{},"_coverageSchema":"1a1c01bbd47fc00a2c39e90264f33305004495a9","hash":"2e6b7b23137bbf0dd7846bca1aedb444f8343868"}
,"C:\\Users\\Lenovo\\Desktop\\WarehouseAPI\\warehouse-api\\models\\productModel.js": {"path":"C:\\Users\\Lenovo\\Desktop\\WarehouseAPI\\warehouse-api\\models\\productModel.js","statementMap":{"0":{"start":{"line":1,"column":11},"end":{"line":1,"column":33}},"1":{"start":{"line":3,"column":20},"end":{"line":111,"column":1}},"2":{"start":{"line":7,"column":22},"end":{"line":7,"column":62}},"3":{"start":{"line":8,"column":8},"end":{"line":8,"column":20}},"4":{"start":{"line":14,"column":22},"end":{"line":14,"column":80}},"5":{"start":{"line":15,"column":8},"end":{"line":15,"column":23}},"6":{"start":{"line":21,"column":24},"end":{"line":24,"column":9}},"7":{"start":{"line":26,"column":8},"end":{"line":32,"column":10}},"8":{"start":{"line":38,"column":8},"end":{"line":40,"column":9}},"9":{"start":{"line":39,"column":12},"end":{"line":39,"column":65}},"10":{"start":{"line":42,"column":8},"end":{"line":45,"column":10}},"11":{"start":{"line":47,"column":22},"end":{"line":47,"column":80}},"12":{"start":{"line":48,"column":8},"end":{"line":48,"column":23}},"13":{"start":{"line":54,"column":8},"end":{"line":54,"column":65}},"14":{"start":{"line":55,"column":8},"end":{"line":55,"column":59}},"15":{"start":{"line":61,"column":8},"end":{"line":61,"column":108}},"16":{"start":{"line":63,"column":8},"end":{"line":66,"column":10}},"17":{"start":{"line":68,"column":22},"end":{"line":68,"column":80}},"18":{"start":{"line":69,"column":8},"end":{"line":69,"column":22}},"19":{"start":{"line":75,"column":22},"end":{"line":75,"column":80}},"20":{"start":{"line":76,"column":24},"end":{"line":76,"column":31}},"21":{"start":{"line":78,"column":8},"end":{"line":78,"column":58}},"22":{"start":{"line":78,"column":21},"end":{"line":78,"column":58}},"23":{"start":{"line":80,"column":8},"end":{"line":80,"column":84}},"24":{"start":{"line":80,"column":46},"end":{"line":80,"column":84}},"25":{"start":{"line":82,"column":8},"end":{"line":82,"column":111}},"26":{"start":{"line":84,"column":8},"end":{"line":87,"column":10}},"27":{"start":{"line":89,"column":25},"end":{"line":89,"column":83}},"28":{"start":{"line":90,"column":8},"end":{"line":90,"column":26}},"29":{"start":{"line":97,"column":22},"end":{"line":97,"column":72}},"30":{"start":{"line":98,"column":8},"end":{"line":98,"column":20}},"31":{"start":{"line":104,"column":23},"end":{"line":107,"column":9}},"32":{"start":{"line":108,"column":8},"end":{"line":108,"column":20}},"33":{"start":{"line":115,"column":0},"end":{"line":115,"column":30}}},"fnMap":{"0":{"name":"(anonymous_0)","decl":{"start":{"line":6,"column":20},"end":{"line":6,"column":21}},"loc":{"start":{"line":6,"column":31},"end":{"line":9,"column":5}},"line":6},"1":{"name":"(anonymous_1)","decl":{"start":{"line":13,"column":20},"end":{"line":13,"column":21}},"loc":{"start":{"line":13,"column":32},"end":{"line":16,"column":5}},"line":13},"2":{"name":"(anonymous_2)","decl":{"start":{"line":20,"column":19},"end":{"line":20,"column":20}},"loc":{"start":{"line":20,"column":85},"end":{"line":33,"column":5}},"line":20},"3":{"name":"(anonymous_3)","decl":{"start":{"line":37,"column":19},"end":{"line":37,"column":20}},"loc":{"start":{"line":37,"column":89},"end":{"line":49,"column":5}},"line":37},"4":{"name":"(anonymous_4)","decl":{"start":{"line":53,"column":19},"end":{"line":53,"column":20}},"loc":{"start":{"line":53,"column":30},"end":{"line":56,"column":5}},"line":53},"5":{"name":"(anonymous_5)","decl":{"start":{"line":60,"column":19},"end":{"line":60,"column":20}},"loc":{"start":{"line":60,"column":40},"end":{"line":70,"column":5}},"line":60},"6":{"name":"(anonymous_6)","decl":{"start":{"line":74,"column":19},"end":{"line":74,"column":20}},"loc":{"start":{"line":74,"column":41},"end":{"line":92,"column":5}},"line":74},"7":{"name":"(anonymous_7)","decl":{"start":{"line":96,"column":25},"end":{"line":96,"column":26}},"loc":{"start":{"line":96,"column":34},"end":{"line":99,"column":5}},"line":96},"8":{"name":"(anonymous_8)","decl":{"start":{"line":103,"column":21},"end":{"line":103,"column":22}},"loc":{"start":{"line":103,"column":40},"end":{"line":109,"column":5}},"line":103}},"branchMap":{"0":{"loc":{"start":{"line":38,"column":8},"end":{"line":40,"column":9}},"type":"if","locations":[{"start":{"line":38,"column":8},"end":{"line":40,"column":9}},{"start":{},"end":{}}],"line":38},"1":{"loc":{"start":{"line":78,"column":8},"end":{"line":78,"column":58}},"type":"if","locations":[{"start":{"line":78,"column":8},"end":{"line":78,"column":58}},{"start":{},"end":{}}],"line":78},"2":{"loc":{"start":{"line":80,"column":8},"end":{"line":80,"column":84}},"type":"if","locations":[{"start":{"line":80,"column":8},"end":{"line":80,"column":84}},{"start":{},"end":{}}],"line":80}},"s":{"0":1,"1":1,"2":0,"3":0,"4":1,"5":1,"6":1,"7":1,"8":0,"9":0,"10":0,"11":0,"12":0,"13":0,"14":0,"15":2,"16":2,"17":1,"18":1,"19":5,"20":5,"21":5,"22":1,"23":4,"24":2,"25":2,"26":2,"27":2,"28":2,"29":1,"30":1,"31":1,"32":1,"33":1},"f":{"0":0,"1":1,"2":1,"3":0,"4":0,"5":2,"6":5,"7":1,"8":1},"b":{"0":[0,0],"1":[1,4],"2":[2,2]},"_coverageSchema":"1a1c01bbd47fc00a2c39e90264f33305004495a9","hash":"b20622b9bda5f6c09b6e4737291c45c5af299ed8"}
,"C:\\Users\\Lenovo\\Desktop\\WarehouseAPI\\warehouse-api\\routes\\productRoutes.js": {"path":"C:\\Users\\Lenovo\\Desktop\\WarehouseAPI\\warehouse-api\\routes\\productRoutes.js","statementMap":{"0":{"start":{"line":1,"column":16},"end":{"line":1,"column":34}},"1":{"start":{"line":2,"column":15},"end":{"line":2,"column":31}},"2":{"start":{"line":4,"column":26},"end":{"line":4,"column":69}},"3":{"start":{"line":8,"column":0},"end":{"line":8,"column":63}},"4":{"start":{"line":10,"column":0},"end":{"line":10,"column":61}},"5":{"start":{"line":17,"column":0},"end":{"line":17,"column":49}},"6":{"start":{"line":18,"column":0},"end":{"line":18,"column":52}},"7":{"start":{"line":21,"column":0},"end":{"line":21,"column":49}},"8":{"start":{"line":24,"column":0},"end":{"line":24,"column":51}},"9":{"start":{"line":27,"column":0},"end":{"line":27,"column":54}},"10":{"start":{"line":32,"column":0},"end":{"line":32,"column":61}},"11":{"start":{"line":34,"column":0},"end":{"line":34,"column":61}},"12":{"start":{"line":38,"column":0},"end":{"line":38,"column":24}}},"fnMap":{},"branchMap":{},"s":{"0":1,"1":1,"2":1,"3":1,"4":1,"5":1,"6":1,"7":1,"8":1,"9":1,"10":1,"11":1,"12":1},"f":{},"b":{},"_coverageSchema":"1a1c01bbd47fc00a2c39e90264f33305004495a9","hash":"686ab6034e4a8aeb03b9bb0a99400df1c2da06a6"}
}
