TN:
SF:app.js
FNF:0
FNH:0
DA:1,1
DA:3,1
DA:5,1
DA:8,1
DA:11,1
DA:13,1
LF:6
LH:6
BRF:0
BRH:0
end_of_record
TN:
SF:controllers\productController.js
FN:7,(anonymous_0)
FN:24,(anonymous_1)
FN:46,(anonymous_2)
FN:80,(anonymous_3)
FN:117,(anonymous_4)
FN:134,(anonymous_5)
FN:160,(anonymous_6)
FN:183,(anonymous_7)
FN:197,(anonymous_8)
FNF:9
FNH:6
FNDA:0,(anonymous_0)
FNDA:1,(anonymous_1)
FNDA:1,(anonymous_2)
FNDA:0,(anonymous_3)
FNDA:0,(anonymous_4)
FNDA:5,(anonymous_5)
FNDA:7,(anonymous_6)
FNDA:1,(anonymous_7)
FNDA:1,(anonymous_8)
DA:1,1
DA:7,1
DA:8,0
DA:9,0
DA:10,0
DA:12,0
DA:14,0
DA:24,1
DA:25,1
DA:26,1
DA:27,1
DA:28,0
DA:32,1
DA:34,0
DA:36,0
DA:46,1
DA:47,1
DA:48,1
DA:49,1
DA:50,0
DA:55,1
DA:56,0
DA:61,1
DA:68,1
DA:71,0
DA:80,1
DA:81,0
DA:82,0
DA:84,0
DA:85,0
DA:90,0
DA:98,0
DA:99,0
DA:104,0
DA:107,0
DA:117,1
DA:118,0
DA:119,0
DA:120,0
DA:124,0
DA:134,1
DA:135,5
DA:136,5
DA:138,5
DA:139,3
DA:143,2
DA:144,1
DA:147,1
DA:148,0
DA:152,1
DA:160,1
DA:161,7
DA:162,7
DA:163,7
DA:165,5
DA:166,2
DA:169,3
DA:170,2
DA:174,1
DA:183,1
DA:184,1
DA:185,1
DA:186,1
DA:188,0
DA:197,1
DA:198,1
DA:199,1
DA:200,1
DA:202,0
DA:208,1
LF:70
LH:43
BRDA:27,0,0,0
BRDA:27,0,1,1
BRDA:49,1,0,0
BRDA:49,1,1,1
BRDA:49,2,0,1
BRDA:49,2,1,1
BRDA:55,3,0,0
BRDA:55,3,1,1
BRDA:84,4,0,0
BRDA:84,4,1,0
BRDA:98,5,0,0
BRDA:98,5,1,0
BRDA:138,6,0,3
BRDA:138,6,1,2
BRDA:138,7,0,5
BRDA:138,7,1,3
BRDA:147,8,0,0
BRDA:147,8,1,1
BRDA:153,9,0,1
BRDA:153,9,1,0
BRDA:163,10,0,2
BRDA:163,10,1,5
BRDA:163,11,0,7
BRDA:163,11,1,6
BRDA:169,12,0,2
BRDA:169,12,1,1
BRDA:175,13,0,1
BRDA:175,13,1,0
BRF:28
BRH:18
end_of_record
TN:
SF:db\db.js
FNF:0
FNH:0
DA:1,1
DA:2,1
DA:3,1
DA:4,1
DA:8,1
DA:9,1
DA:15,1
DA:17,0
DA:20,1
LF:9
LH:8
BRF:0
BRH:0
end_of_record
TN:
SF:models\productModel.js
FN:6,(anonymous_0)
FN:13,(anonymous_1)
FN:20,(anonymous_2)
FN:37,(anonymous_3)
FN:53,(anonymous_4)
FN:60,(anonymous_5)
FN:74,(anonymous_6)
FN:96,(anonymous_7)
FN:103,(anonymous_8)
FNF:9
FNH:6
FNDA:0,(anonymous_0)
FNDA:1,(anonymous_1)
FNDA:1,(anonymous_2)
FNDA:0,(anonymous_3)
FNDA:0,(anonymous_4)
FNDA:2,(anonymous_5)
FNDA:5,(anonymous_6)
FNDA:1,(anonymous_7)
FNDA:1,(anonymous_8)
DA:1,1
DA:3,1
DA:7,0
DA:8,0
DA:14,1
DA:15,1
DA:21,1
DA:26,1
DA:38,0
DA:39,0
DA:42,0
DA:47,0
DA:48,0
DA:54,0
DA:55,0
DA:61,2
DA:63,2
DA:68,1
DA:69,1
DA:75,5
DA:76,5
DA:78,5
DA:80,4
DA:82,2
DA:84,2
DA:89,2
DA:90,2
DA:97,1
DA:98,1
DA:104,1
DA:108,1
DA:115,1
LF:32
LH:23
BRDA:38,0,0,0
BRDA:38,0,1,0
BRDA:78,1,0,1
BRDA:78,1,1,4
BRDA:80,2,0,2
BRDA:80,2,1,2
BRF:6
BRH:4
end_of_record
TN:
SF:routes\productRoutes.js
FNF:0
FNH:0
DA:1,1
DA:2,1
DA:4,1
DA:8,1
DA:10,1
DA:17,1
DA:18,1
DA:21,1
DA:24,1
DA:27,1
DA:32,1
DA:34,1
DA:38,1
LF:13
LH:13
BRF:0
BRH:0
end_of_record
